TN:
SF:src\fetcher.js
FN:9,(anonymous_0)
FN:17,(anonymous_1)
FN:21,(anonymous_2)
FN:24,(anonymous_3)
FN:49,(anonymous_4)
FNF:5
FNH:2
FNDA:4,(anonymous_0)
FNDA:3,(anonymous_1)
FNDA:0,(anonymous_2)
FNDA:0,(anonymous_3)
FNDA:0,(anonymous_4)
DA:1,4
DA:2,4
DA:4,4
DA:5,4
DA:6,4
DA:10,4
DA:18,3
DA:19,3
DA:20,6
DA:21,6
DA:23,6
DA:24,0
DA:27,6
DA:28,6
DA:33,2
DA:35,2
DA:36,2
DA:37,2
DA:39,4
DA:40,4
DA:41,4
DA:42,3
DA:46,1
DA:50,0
DA:51,0
DA:52,0
DA:54,0
DA:55,0
DA:72,0
DA:74,0
DA:79,4
LF:31
LH:23
BRDA:17,0,0,0
BRDA:17,1,0,0
BRDA:17,2,0,3
BRDA:17,3,0,3
BRDA:23,4,0,0
BRDA:23,4,1,6
BRDA:35,5,0,0
BRDA:35,5,1,2
BRDA:41,6,0,3
BRDA:41,6,1,1
BRF:10
BRH:6
end_of_record
TN:
SF:src\jobManager.js
FN:12,(anonymous_0)
FN:29,(anonymous_1)
FN:38,(anonymous_2)
FN:72,(anonymous_3)
FN:94,(anonymous_4)
FN:104,(anonymous_5)
FN:125,(anonymous_6)
FN:126,(anonymous_7)
FN:141,(anonymous_8)
FN:162,(anonymous_9)
FN:168,(anonymous_10)
FN:210,(anonymous_11)
FN:211,(anonymous_12)
FN:215,(anonymous_13)
FN:219,(anonymous_14)
FN:220,(anonymous_15)
FN:229,(anonymous_16)
FN:238,(anonymous_17)
FN:243,(anonymous_18)
FN:244,(anonymous_19)
FN:253,(anonymous_20)
FN:254,(anonymous_21)
FN:255,(anonymous_22)
FNF:23
FNH:9
FNDA:3,(anonymous_0)
FNDA:3,(anonymous_1)
FNDA:3,(anonymous_2)
FNDA:0,(anonymous_3)
FNDA:0,(anonymous_4)
FNDA:0,(anonymous_5)
FNDA:0,(anonymous_6)
FNDA:0,(anonymous_7)
FNDA:0,(anonymous_8)
FNDA:0,(anonymous_9)
FNDA:0,(anonymous_10)
FNDA:0,(anonymous_11)
FNDA:0,(anonymous_12)
FNDA:2,(anonymous_13)
FNDA:0,(anonymous_14)
FNDA:0,(anonymous_15)
FNDA:1,(anonymous_16)
FNDA:1,(anonymous_17)
FNDA:1,(anonymous_18)
FNDA:1,(anonymous_19)
FNDA:1,(anonymous_20)
FNDA:0,(anonymous_21)
FNDA:0,(anonymous_22)
DA:2,3
DA:3,3
DA:5,3
DA:6,3
DA:7,3
DA:9,3
DA:13,3
DA:14,3
DA:30,3
DA:31,3
DA:33,3
DA:35,3
DA:37,3
DA:38,3
DA:47,3
DA:68,3
DA:69,3
DA:73,0
DA:74,0
DA:76,0
DA:77,0
DA:79,0
DA:80,0
DA:82,0
DA:83,0
DA:84,0
DA:85,0
DA:86,0
DA:89,0
DA:90,0
DA:91,0
DA:93,0
DA:94,0
DA:95,0
DA:96,0
DA:97,0
DA:98,0
DA:99,0
DA:100,0
DA:103,0
DA:104,0
DA:105,0
DA:106,0
DA:107,0
DA:108,0
DA:109,0
DA:111,0
DA:112,0
DA:113,0
DA:115,0
DA:119,0
DA:120,0
DA:121,0
DA:124,0
DA:125,0
DA:126,0
DA:127,0
DA:131,0
DA:132,0
DA:134,0
DA:135,0
DA:136,0
DA:138,0
DA:141,0
DA:142,0
DA:143,0
DA:146,0
DA:147,0
DA:148,0
DA:151,0
DA:155,0
DA:156,0
DA:157,0
DA:158,0
DA:161,0
DA:162,0
DA:164,0
DA:165,0
DA:169,0
DA:171,0
DA:172,0
DA:175,0
DA:176,0
DA:177,0
DA:178,0
DA:180,0
DA:182,0
DA:183,0
DA:189,0
DA:190,0
DA:191,0
DA:192,0
DA:193,0
DA:194,0
DA:196,0
DA:197,0
DA:198,0
DA:200,0
DA:204,0
DA:205,0
DA:206,0
DA:211,0
DA:212,0
DA:216,2
DA:220,0
DA:230,1
DA:231,1
DA:233,1
DA:234,1
DA:235,1
DA:239,1
DA:240,1
DA:242,1
DA:243,1
DA:244,1
DA:252,1
DA:253,1
DA:254,0
DA:256,0
DA:257,0
DA:258,0
DA:259,0
DA:260,0
DA:263,1
DA:281,3
LF:125
LH:32
BRDA:29,0,0,0
BRDA:29,1,0,0
BRDA:31,2,0,0
BRDA:31,2,1,3
BRDA:74,3,0,0
BRDA:74,3,1,0
BRDA:83,4,0,0
BRDA:83,4,1,0
BRDA:96,5,0,0
BRDA:96,5,1,0
BRDA:97,6,0,0
BRDA:97,6,1,0
BRDA:98,7,0,0
BRDA:98,7,1,0
BRDA:98,8,0,0
BRDA:98,8,1,0
BRDA:99,9,0,0
BRDA:99,9,1,0
BRDA:103,10,0,0
BRDA:103,10,1,0
BRDA:105,11,0,0
BRDA:105,11,1,0
BRDA:111,12,0,0
BRDA:111,12,1,0
BRDA:111,13,0,0
BRDA:111,13,1,0
BRDA:124,14,0,0
BRDA:124,14,1,0
BRDA:134,15,0,0
BRDA:134,15,1,0
BRDA:141,16,0,0
BRDA:141,16,1,0
BRDA:146,17,0,0
BRDA:146,17,1,0
BRDA:146,18,0,0
BRDA:146,18,1,0
BRDA:161,19,0,0
BRDA:161,19,1,0
BRDA:161,20,0,0
BRDA:161,20,1,0
BRDA:162,21,0,0
BRDA:162,21,1,0
BRDA:169,22,0,0
BRDA:169,22,1,0
BRDA:171,23,0,0
BRDA:171,23,1,0
BRDA:171,24,0,0
BRDA:171,24,1,0
BRDA:189,25,0,0
BRDA:189,25,1,0
BRDA:194,26,0,0
BRDA:194,26,1,0
BRDA:196,27,0,0
BRDA:196,27,1,0
BRDA:212,28,0,0
BRDA:212,28,1,0
BRDA:231,29,0,0
BRDA:231,29,1,1
BRDA:240,30,0,0
BRDA:240,30,1,1
BRDA:256,31,0,0
BRDA:256,31,1,0
BRDA:256,32,0,0
BRDA:256,32,1,0
BRDA:257,33,0,0
BRDA:257,33,1,0
BRDA:258,34,0,0
BRDA:258,34,1,0
BRDA:258,35,0,0
BRDA:258,35,1,0
BRDA:259,36,0,0
BRDA:259,36,1,0
BRF:72
BRH:3
end_of_record
TN:
SF:src\logger.js
FN:7,(anonymous_0)
FN:13,(anonymous_1)
FN:17,(anonymous_2)
FN:22,(anonymous_3)
FN:25,(anonymous_4)
FNF:5
FNH:3
FNDA:4,(anonymous_0)
FNDA:4,(anonymous_1)
FNDA:0,(anonymous_2)
FNDA:4,(anonymous_3)
FNDA:0,(anonymous_4)
DA:1,4
DA:2,4
DA:4,4
DA:8,4
DA:9,0
DA:14,4
DA:15,4
DA:16,4
DA:17,4
DA:18,0
DA:23,4
DA:24,4
DA:25,4
DA:26,0
DA:28,4
DA:32,4
LF:16
LH:13
BRDA:8,0,0,0
BRDA:8,0,1,4
BRDA:18,1,0,0
BRDA:18,1,1,0
BRDA:26,2,0,0
BRDA:26,2,1,0
BRF:6
BRH:1
end_of_record
TN:
SF:src\utils.js
FN:1,(anonymous_0)
FN:1,(anonymous_1)
FN:3,(anonymous_2)
FN:10,(anonymous_3)
FN:14,randomDobBetweenYears
FN:25,formatDob
FN:38,normalizeStudent
FNF:7
FNH:7
FNDA:4,(anonymous_0)
FNDA:4,(anonymous_1)
FNDA:6,(anonymous_2)
FNDA:3,(anonymous_3)
FNDA:13,randomDobBetweenYears
FNDA:4,formatDob
FNDA:3,normalizeStudent
DA:1,5
DA:3,5
DA:4,6
DA:5,5
DA:6,5
DA:7,9
DA:8,5
DA:10,3
DA:11,0
DA:15,13
DA:16,13
DA:17,13
DA:18,13
DA:19,13
DA:20,13
DA:21,13
DA:22,13
DA:26,4
DA:27,4
DA:28,4
DA:29,3
DA:30,3
DA:31,3
DA:32,3
DA:34,0
DA:39,3
DA:40,3
DA:41,3
DA:42,3
DA:43,3
DA:44,3
DA:45,3
DA:46,3
DA:47,3
DA:49,3
DA:72,5
LF:36
LH:34
BRDA:4,0,0,5
BRDA:4,0,1,1
BRDA:4,1,0,6
BRDA:4,1,1,5
BRDA:10,2,0,1
BRDA:10,2,1,0
BRDA:14,3,0,0
BRDA:14,4,0,0
BRDA:28,5,0,1
BRDA:28,5,1,3
BRDA:38,6,0,0
BRDA:39,7,0,3
BRDA:39,7,1,0
BRDA:40,8,0,3
BRDA:40,8,1,1
BRDA:40,8,2,1
BRDA:41,9,0,3
BRDA:41,9,1,0
BRDA:41,10,0,3
BRDA:41,10,1,3
BRDA:42,11,0,1
BRDA:42,11,1,2
BRDA:43,12,0,3
BRDA:43,12,1,3
BRDA:44,13,0,3
BRDA:44,13,1,0
BRDA:45,14,0,1
BRDA:45,14,1,2
BRDA:45,15,0,3
BRDA:45,15,1,3
BRDA:45,16,0,2
BRDA:45,16,1,1
BRDA:46,17,0,3
BRDA:46,17,1,2
BRDA:46,17,2,2
BRDA:46,17,3,2
BRDA:46,17,4,2
BRDA:46,17,5,2
BRDA:46,17,6,2
BRDA:47,18,0,1
BRDA:47,18,1,2
BRDA:57,19,0,3
BRDA:57,19,1,1
BRDA:58,20,0,3
BRDA:58,20,1,3
BRDA:58,20,2,3
BRDA:59,21,0,3
BRDA:59,21,1,3
BRDA:60,22,0,3
BRDA:60,22,1,2
BRDA:61,23,0,3
BRDA:61,23,1,3
BRDA:62,24,0,3
BRDA:62,24,1,3
BRDA:63,25,0,3
BRDA:63,25,1,3
BRDA:64,26,0,3
BRDA:64,26,1,3
BRF:58
BRH:51
end_of_record
